mode: set
project/controllers/cronjob_controller.go:45.36,45.57 1 0
project/controllers/cronjob_controller.go:62.78,66.65 4 0
project/controllers/cronjob_controller.go:73.2,74.129 2 0
project/controllers/cronjob_controller.go:79.2,83.73 5 0
project/controllers/cronjob_controller.go:92.2,92.70 1 0
project/controllers/cronjob_controller.go:105.2,105.38 1 0
project/controllers/cronjob_controller.go:132.2,132.27 1 0
project/controllers/cronjob_controller.go:137.2,138.39 2 0
project/controllers/cronjob_controller.go:146.2,147.57 2 0
project/controllers/cronjob_controller.go:153.2,153.48 1 0
project/controllers/cronjob_controller.go:172.2,172.52 1 0
project/controllers/cronjob_controller.go:190.2,190.58 1 0
project/controllers/cronjob_controller.go:194.2,194.115 1 0
project/controllers/cronjob_controller.go:248.2,249.16 2 0
project/controllers/cronjob_controller.go:255.2,257.24 3 0
project/controllers/cronjob_controller.go:263.2,265.49 3 0
project/controllers/cronjob_controller.go:268.2,268.13 1 0
project/controllers/cronjob_controller.go:275.2,275.85 1 0
project/controllers/cronjob_controller.go:281.2,281.63 1 0
project/controllers/cronjob_controller.go:290.2,290.103 1 0
project/controllers/cronjob_controller.go:317.2,318.16 2 0
project/controllers/cronjob_controller.go:325.2,325.43 1 0
project/controllers/cronjob_controller.go:330.2,334.29 2 0
project/controllers/cronjob_controller.go:66.65,72.3 2 0
project/controllers/cronjob_controller.go:74.129,77.3 2 0
project/controllers/cronjob_controller.go:83.73,84.43 1 0
project/controllers/cronjob_controller.go:90.3,90.19 1 0
project/controllers/cronjob_controller.go:84.43,85.104 1 0
project/controllers/cronjob_controller.go:85.104,87.5 1 0
project/controllers/cronjob_controller.go:92.70,94.24 2 0
project/controllers/cronjob_controller.go:98.3,99.17 2 0
project/controllers/cronjob_controller.go:102.3,102.26 1 0
project/controllers/cronjob_controller.go:94.24,96.4 1 0
project/controllers/cronjob_controller.go:99.17,101.4 1 0
project/controllers/cronjob_controller.go:105.38,107.23 2 0
project/controllers/cronjob_controller.go:118.3,119.17 2 0
project/controllers/cronjob_controller.go:123.3,123.33 1 0
project/controllers/cronjob_controller.go:108.11,109.56 1 0
project/controllers/cronjob_controller.go:110.25,111.56 1 0
project/controllers/cronjob_controller.go:112.27,113.64 1 0
project/controllers/cronjob_controller.go:119.17,121.12 2 0
project/controllers/cronjob_controller.go:123.33,124.29 1 0
project/controllers/cronjob_controller.go:124.29,126.5 1 0
project/controllers/cronjob_controller.go:126.10,126.58 1 0
project/controllers/cronjob_controller.go:126.58,128.5 1 0
project/controllers/cronjob_controller.go:132.27,134.3 1 0
project/controllers/cronjob_controller.go:134.8,136.3 1 0
project/controllers/cronjob_controller.go:138.39,140.17 2 0
project/controllers/cronjob_controller.go:144.3,144.65 1 0
project/controllers/cronjob_controller.go:140.17,142.12 2 0
project/controllers/cronjob_controller.go:147.57,150.3 2 0
project/controllers/cronjob_controller.go:153.48,154.46 1 0
project/controllers/cronjob_controller.go:160.3,160.34 1 0
project/controllers/cronjob_controller.go:154.46,155.45 1 0
project/controllers/cronjob_controller.go:158.4,158.80 1 0
project/controllers/cronjob_controller.go:155.45,157.5 1 0
project/controllers/cronjob_controller.go:160.34,161.79 1 0
project/controllers/cronjob_controller.go:164.4,164.130 1 0
project/controllers/cronjob_controller.go:161.79,162.10 1 0
project/controllers/cronjob_controller.go:164.130,166.5 1 0
project/controllers/cronjob_controller.go:166.10,168.5 1 0
project/controllers/cronjob_controller.go:172.52,173.50 1 0
project/controllers/cronjob_controller.go:179.3,179.38 1 0
project/controllers/cronjob_controller.go:173.50,174.49 1 0
project/controllers/cronjob_controller.go:177.4,177.88 1 0
project/controllers/cronjob_controller.go:174.49,176.5 1 0
project/controllers/cronjob_controller.go:179.38,180.87 1 0
project/controllers/cronjob_controller.go:183.4,183.109 1 0
project/controllers/cronjob_controller.go:180.87,181.10 1 0
project/controllers/cronjob_controller.go:183.109,185.5 1 0
project/controllers/cronjob_controller.go:185.10,187.5 1 0
project/controllers/cronjob_controller.go:190.58,193.3 2 0
project/controllers/cronjob_controller.go:194.115,196.17 2 0
project/controllers/cronjob_controller.go:203.3,204.45 2 0
project/controllers/cronjob_controller.go:209.3,209.50 1 0
project/controllers/cronjob_controller.go:217.3,217.30 1 0
project/controllers/cronjob_controller.go:221.3,222.71 2 0
project/controllers/cronjob_controller.go:244.3,244.42 1 0
project/controllers/cronjob_controller.go:196.17,198.4 1 0
project/controllers/cronjob_controller.go:204.45,206.4 1 0
project/controllers/cronjob_controller.go:206.9,208.4 1 0
project/controllers/cronjob_controller.go:209.50,213.46 2 0
project/controllers/cronjob_controller.go:213.46,215.5 1 0
project/controllers/cronjob_controller.go:217.30,219.4 1 0
project/controllers/cronjob_controller.go:222.71,239.20 3 0
project/controllers/cronjob_controller.go:239.20,242.5 1 0
project/controllers/cronjob_controller.go:249.16,254.3 2 0
project/controllers/cronjob_controller.go:257.24,260.3 2 0
project/controllers/cronjob_controller.go:265.49,267.3 1 0
project/controllers/cronjob_controller.go:268.13,272.3 2 0
project/controllers/cronjob_controller.go:275.85,278.3 2 0
project/controllers/cronjob_controller.go:281.63,282.40 1 0
project/controllers/cronjob_controller.go:282.40,284.136 1 0
project/controllers/cronjob_controller.go:284.136,287.5 2 0
project/controllers/cronjob_controller.go:290.103,303.58 3 0
project/controllers/cronjob_controller.go:306.3,307.53 2 0
project/controllers/cronjob_controller.go:310.3,310.77 1 0
project/controllers/cronjob_controller.go:314.3,314.18 1 0
project/controllers/cronjob_controller.go:303.58,305.4 1 0
project/controllers/cronjob_controller.go:307.53,309.4 1 0
project/controllers/cronjob_controller.go:310.77,312.4 1 0
project/controllers/cronjob_controller.go:318.16,322.3 2 0
project/controllers/cronjob_controller.go:325.43,328.3 2 0
project/controllers/cronjob_controller.go:342.70,344.20 1 0
project/controllers/cronjob_controller.go:348.2,348.110 1 0
project/controllers/cronjob_controller.go:365.2,367.14 1 0
project/controllers/cronjob_controller.go:344.20,346.3 1 0
project/controllers/cronjob_controller.go:348.110,352.19 3 0
project/controllers/cronjob_controller.go:356.3,356.62 1 0
project/controllers/cronjob_controller.go:361.3,361.30 1 0
project/controllers/cronjob_controller.go:352.19,354.4 1 0
project/controllers/cronjob_controller.go:356.62,358.4 1 0
project/controllers/cronjob_controller.go:362.17,364.3 1 0
